c:\users\stefan\source\repos\tankgame\tankgame\debug\vc141.pdb
c:\users\stefan\source\repos\tankgame\tankgame\debug\vc141.idb
c:\users\stefan\source\repos\tankgame\tankgame\debug\map.obj
c:\users\stefan\source\repos\tankgame\tankgame\debug\program.obj
c:\users\stefan\source\repos\tankgame\tankgame\debug\gameworld.obj
c:\users\stefan\source\repos\tankgame\tankgame\debug\gameobject.obj
c:\users\stefan\source\repos\tankgame\tankgame\debug\component.obj
c:\users\stefan\source\repos\tankgame\tankgame\debug\iupdatable.obj
c:\users\stefan\source\repos\tankgame\tankgame\debug\transform.obj
c:\users\stefan\source\repos\tankgame\tankgame\debug\idrawable.obj
c:\users\stefan\source\repos\tankgame\tankgame\debug\spriterenderer.obj
c:\users\stefan\source\repos\tankgame\tankgame\debug\texturemanager.obj
c:\users\stefan\source\repos\tankgame\tankgame\debug\player.obj
c:\users\stefan\source\repos\tankgame\tankgame\debug\animation.obj
c:\users\stefan\source\repos\tankgame\tankgame\debug\animationhandler.obj
c:\users\stefan\source\repos\tankgame\tankgame\debug\rock.obj
c:\users\stefan\source\repos\tankgame\debug\tankgame.exe
c:\users\stefan\source\repos\tankgame\debug\tankgame.ilk
c:\users\stefan\source\repos\tankgame\debug\tankgame.pdb
c:\users\stefan\source\repos\tankgame\tankgame\debug\tankgame.tlog\cl.command.1.tlog
c:\users\stefan\source\repos\tankgame\tankgame\debug\tankgame.tlog\cl.read.1.tlog
c:\users\stefan\source\repos\tankgame\tankgame\debug\tankgame.tlog\cl.write.1.tlog
c:\users\stefan\source\repos\tankgame\tankgame\debug\tankgame.tlog\link.command.1.tlog
c:\users\stefan\source\repos\tankgame\tankgame\debug\tankgame.tlog\link.read.1.tlog
c:\users\stefan\source\repos\tankgame\tankgame\debug\tankgame.tlog\link.write.1.tlog
