d:\programming repos\tankgame\tankgame\release\vc141.pdb
d:\programming repos\tankgame\tankgame\release\transform.obj
d:\programming repos\tankgame\tankgame\release\texturemanager.obj
d:\programming repos\tankgame\tankgame\release\spriterenderer.obj
d:\programming repos\tankgame\tankgame\release\rock.obj
d:\programming repos\tankgame\tankgame\release\program.obj
d:\programming repos\tankgame\tankgame\release\player.obj
d:\programming repos\tankgame\tankgame\release\iupdatable.obj
d:\programming repos\tankgame\tankgame\release\idrawable.obj
d:\programming repos\tankgame\tankgame\release\icollideble.obj
d:\programming repos\tankgame\tankgame\release\gameworld.obj
d:\programming repos\tankgame\tankgame\release\gameobject.obj
d:\programming repos\tankgame\tankgame\release\component.obj
d:\programming repos\tankgame\tankgame\release\animationhandler.obj
d:\programming repos\tankgame\tankgame\release\animation.obj
d:\programming repos\tankgame\tankgame\release\collider.obj
d:\programming repos\tankgame\release\tankgame.exe
d:\programming repos\tankgame\release\tankgame.pdb
d:\programming repos\tankgame\release\tankgame.ipdb
d:\programming repos\tankgame\release\tankgame.iobj
d:\programming repos\tankgame\tankgame\release\tankgame.tlog\cl.command.1.tlog
d:\programming repos\tankgame\tankgame\release\tankgame.tlog\cl.read.1.tlog
d:\programming repos\tankgame\tankgame\release\tankgame.tlog\cl.write.1.tlog
d:\programming repos\tankgame\tankgame\release\tankgame.tlog\link.command.1.tlog
d:\programming repos\tankgame\tankgame\release\tankgame.tlog\link.read.1.tlog
d:\programming repos\tankgame\tankgame\release\tankgame.tlog\link.write.1.tlog
d:\programming repos\tankgame\tankgame\release\tankgame.tlog\tankgame.write.1u.tlog
